02/15/2018 16:22:08 DEBUG devpinoyLogger:66 - Hello
02/15/2018 16:22:08 DEBUG devpinoyLogger:67 - Properties loaded. Starting testing
02/15/2018 16:22:08 DEBUG devpinoyLogger:73 - Intialize Suite xlsx
02/15/2018 16:22:09 DEBUG devpinoyLogger:79 - Login functionality -- Y
02/15/2018 16:22:09 DEBUG devpinoyLogger:84 - ******Executing the Suite******Login functionality
02/15/2018 16:22:09 DEBUG devpinoyLogger:88 - Registration -- Y
02/15/2018 16:22:09 DEBUG devpinoyLogger:92 - Executing the test case -> Registration
02/15/2018 16:22:09 DEBUG devpinoyLogger:98 - Iteration number 1
02/15/2018 16:22:09 DEBUG devpinoyLogger:139 - openBrowser2
02/15/2018 16:22:09 DEBUG devpinoyLogger:1940 - Opening browser
02/15/2018 16:22:14 DEBUG devpinoyLogger:147 - PASS
02/15/2018 16:22:14 DEBUG devpinoyLogger:139 - navigate
02/15/2018 16:22:14 DEBUG devpinoyLogger:581 - Navigating to URL
02/15/2018 16:22:27 DEBUG devpinoyLogger:147 - PASS
02/15/2018 16:22:27 DEBUG devpinoyLogger:139 - enablehidden
02/15/2018 16:22:27 DEBUG devpinoyLogger:594 - Enabling Hidden elements 
02/15/2018 16:22:27 DEBUG devpinoyLogger:147 - PASS
02/15/2018 16:22:27 DEBUG devpinoyLogger:139 - enablehidden
02/15/2018 16:22:27 DEBUG devpinoyLogger:594 - Enabling Hidden elements 
02/15/2018 16:22:38 DEBUG devpinoyLogger:147 - PASS
02/15/2018 16:22:38 DEBUG devpinoyLogger:139 - RandomString
02/15/2018 16:22:38 DEBUG devpinoyLogger:2052 - Entering Random String
02/15/2018 16:22:38 DEBUG devpinoyLogger:147 - PASS
02/15/2018 16:22:38 DEBUG devpinoyLogger:139 - RandomString
02/15/2018 16:22:38 DEBUG devpinoyLogger:2052 - Entering Random String
02/15/2018 16:22:38 DEBUG devpinoyLogger:147 - PASS
02/15/2018 16:22:38 DEBUG devpinoyLogger:139 - RegisterEmail
02/15/2018 16:22:38 DEBUG devpinoyLogger:2034 - Entering randomly generated Email
02/15/2018 16:22:38 DEBUG devpinoyLogger:147 - PASS
02/15/2018 16:22:38 DEBUG devpinoyLogger:139 - writeInInput
02/15/2018 16:22:38 DEBUG devpinoyLogger:872 - Writing in text box
02/15/2018 16:22:39 DEBUG devpinoyLogger:147 - PASS
02/15/2018 16:22:39 DEBUG devpinoyLogger:139 - writeInInput
02/15/2018 16:22:39 DEBUG devpinoyLogger:872 - Writing in text box
02/15/2018 16:22:39 DEBUG devpinoyLogger:147 - PASS
02/15/2018 16:22:39 DEBUG devpinoyLogger:139 - enablehidden
02/15/2018 16:22:39 DEBUG devpinoyLogger:594 - Enabling Hidden elements 
02/15/2018 16:22:39 DEBUG devpinoyLogger:147 - PASS
02/15/2018 16:22:39 DEBUG devpinoyLogger:139 - enablehidden
02/15/2018 16:22:39 DEBUG devpinoyLogger:594 - Enabling Hidden elements 
02/15/2018 16:22:39 DEBUG devpinoyLogger:147 - PASS
02/15/2018 16:22:39 DEBUG devpinoyLogger:139 - exist
02/15/2018 16:22:39 DEBUG devpinoyLogger:943 - Checking existance of element
02/15/2018 16:22:40 DEBUG devpinoyLogger:147 - PASS
02/15/2018 16:22:40 DEBUG devpinoyLogger:139 - quitBrowser
02/15/2018 16:22:40 DEBUG devpinoyLogger:1031 - Closing the browser
02/15/2018 16:22:41 DEBUG devpinoyLogger:147 - PASS
02/15/2018 16:22:43 DEBUG devpinoyLogger:88 - Login -- Y
02/15/2018 16:22:43 DEBUG devpinoyLogger:92 - Executing the test case -> Login
02/15/2018 16:22:43 DEBUG devpinoyLogger:98 - Iteration number 1
02/15/2018 16:22:43 DEBUG devpinoyLogger:139 - openBrowser2
02/15/2018 16:22:43 DEBUG devpinoyLogger:1940 - Opening browser
02/15/2018 16:22:46 DEBUG devpinoyLogger:147 - PASS
02/15/2018 16:22:46 DEBUG devpinoyLogger:139 - navigate
02/15/2018 16:22:46 DEBUG devpinoyLogger:581 - Navigating to URL
02/15/2018 16:22:58 DEBUG devpinoyLogger:147 - PASS
02/15/2018 16:22:58 DEBUG devpinoyLogger:139 - enablehidden
02/15/2018 16:22:58 DEBUG devpinoyLogger:594 - Enabling Hidden elements 
02/15/2018 16:22:58 DEBUG devpinoyLogger:147 - PASS
02/15/2018 16:22:58 DEBUG devpinoyLogger:139 - writeInInput
02/15/2018 16:22:58 DEBUG devpinoyLogger:872 - Writing in text box
02/15/2018 16:22:58 DEBUG devpinoyLogger:147 - PASS
02/15/2018 16:22:58 DEBUG devpinoyLogger:139 - writeInInput
02/15/2018 16:22:58 DEBUG devpinoyLogger:872 - Writing in text box
02/15/2018 16:22:58 DEBUG devpinoyLogger:147 - PASS
02/15/2018 16:22:58 DEBUG devpinoyLogger:139 - enablehidden
02/15/2018 16:22:58 DEBUG devpinoyLogger:594 - Enabling Hidden elements 
02/15/2018 16:23:14 DEBUG devpinoyLogger:147 - PASS
02/15/2018 16:23:14 DEBUG devpinoyLogger:139 - exist
02/15/2018 16:23:14 DEBUG devpinoyLogger:943 - Checking existance of element
02/15/2018 16:23:14 DEBUG devpinoyLogger:147 - PASS
02/15/2018 16:23:14 DEBUG devpinoyLogger:139 - enablehidden
02/15/2018 16:23:14 DEBUG devpinoyLogger:594 - Enabling Hidden elements 
02/15/2018 16:23:14 DEBUG devpinoyLogger:147 - PASS
02/15/2018 16:23:14 DEBUG devpinoyLogger:139 - enablehidden
02/15/2018 16:23:14 DEBUG devpinoyLogger:594 - Enabling Hidden elements 
02/15/2018 16:23:24 DEBUG devpinoyLogger:147 - PASS
02/15/2018 16:23:24 DEBUG devpinoyLogger:139 - exist
02/15/2018 16:23:24 DEBUG devpinoyLogger:943 - Checking existance of element
02/15/2018 16:23:24 DEBUG devpinoyLogger:147 - PASS
02/15/2018 16:23:24 DEBUG devpinoyLogger:139 - quitBrowser
02/15/2018 16:23:24 DEBUG devpinoyLogger:1031 - Closing the browser
02/15/2018 16:23:25 DEBUG devpinoyLogger:147 - PASS
02/15/2018 16:23:26 DEBUG devpinoyLogger:79 - ProductListPage -- Y
02/15/2018 16:23:26 DEBUG devpinoyLogger:84 - ******Executing the Suite******ProductListPage
02/15/2018 16:23:27 DEBUG devpinoyLogger:88 - NavigateToPLP -- Y
02/15/2018 16:23:27 DEBUG devpinoyLogger:92 - Executing the test case -> NavigateToPLP
02/15/2018 16:23:27 DEBUG devpinoyLogger:139 - openBrowser2
02/15/2018 16:23:27 DEBUG devpinoyLogger:1940 - Opening browser
02/15/2018 16:23:30 DEBUG devpinoyLogger:147 - PASS
02/15/2018 16:23:30 DEBUG devpinoyLogger:139 - navigate
02/15/2018 16:23:30 DEBUG devpinoyLogger:581 - Navigating to URL
02/15/2018 16:23:42 DEBUG devpinoyLogger:147 - PASS
02/15/2018 16:23:42 DEBUG devpinoyLogger:139 - mouseHover
02/15/2018 16:23:42 DEBUG devpinoyLogger:1504 - Mouse Hovering to the element
02/15/2018 16:23:49 DEBUG devpinoyLogger:147 - PASS
02/15/2018 16:23:49 DEBUG devpinoyLogger:139 - enablehidden
02/15/2018 16:23:49 DEBUG devpinoyLogger:594 - Enabling Hidden elements 
02/15/2018 16:24:06 DEBUG devpinoyLogger:147 - PASS
02/15/2018 16:24:06 DEBUG devpinoyLogger:139 - exist
02/15/2018 16:24:06 DEBUG devpinoyLogger:943 - Checking existance of element
02/15/2018 16:24:06 DEBUG devpinoyLogger:147 - PASS
02/15/2018 16:24:06 DEBUG devpinoyLogger:139 - quitBrowser
02/15/2018 16:24:06 DEBUG devpinoyLogger:1031 - Closing the browser
02/15/2018 16:24:07 DEBUG devpinoyLogger:147 - PASS
02/15/2018 16:24:08 DEBUG devpinoyLogger:88 - Verification of Discontinued Products -- Y
02/15/2018 16:24:08 DEBUG devpinoyLogger:92 - Executing the test case -> Verification of Discontinued Products
02/15/2018 16:24:08 DEBUG devpinoyLogger:139 - openBrowser2
02/15/2018 16:24:08 DEBUG devpinoyLogger:1940 - Opening browser
02/15/2018 16:24:11 DEBUG devpinoyLogger:147 - PASS
02/15/2018 16:24:11 DEBUG devpinoyLogger:139 - navigate
02/15/2018 16:24:11 DEBUG devpinoyLogger:581 - Navigating to URL
02/15/2018 16:24:22 DEBUG devpinoyLogger:147 - PASS
02/15/2018 16:24:22 DEBUG devpinoyLogger:139 - mouseHover
02/15/2018 16:24:22 DEBUG devpinoyLogger:1504 - Mouse Hovering to the element
02/15/2018 16:24:29 DEBUG devpinoyLogger:147 - PASS
02/15/2018 16:24:29 DEBUG devpinoyLogger:139 - enablehidden
02/15/2018 16:24:29 DEBUG devpinoyLogger:594 - Enabling Hidden elements 
02/15/2018 16:24:44 DEBUG devpinoyLogger:147 - PASS
02/15/2018 16:24:44 DEBUG devpinoyLogger:139 - exist
02/15/2018 16:24:44 DEBUG devpinoyLogger:943 - Checking existance of element
02/15/2018 16:24:44 DEBUG devpinoyLogger:147 - PASS
02/15/2018 16:24:44 DEBUG devpinoyLogger:139 - enablehidden
02/15/2018 16:24:44 DEBUG devpinoyLogger:594 - Enabling Hidden elements 
02/15/2018 16:24:58 DEBUG devpinoyLogger:147 - PASS
02/15/2018 16:24:58 DEBUG devpinoyLogger:139 - verifyText
02/15/2018 16:24:58 DEBUG devpinoyLogger:856 - Verifying the text
02/15/2018 16:24:58 DEBUG devpinoyLogger:147 - PASS
02/15/2018 16:24:58 DEBUG devpinoyLogger:139 - quitBrowser
02/15/2018 16:24:58 DEBUG devpinoyLogger:1031 - Closing the browser
02/15/2018 16:24:59 DEBUG devpinoyLogger:147 - PASS
02/15/2018 16:25:00 DEBUG devpinoyLogger:88 - Adding the Filters -- Y
02/15/2018 16:25:00 DEBUG devpinoyLogger:92 - Executing the test case -> Adding the Filters
02/15/2018 16:25:00 DEBUG devpinoyLogger:139 - openBrowser2
02/15/2018 16:25:00 DEBUG devpinoyLogger:1940 - Opening browser
02/15/2018 16:25:04 DEBUG devpinoyLogger:147 - PASS
02/15/2018 16:25:04 DEBUG devpinoyLogger:139 - navigate
02/15/2018 16:25:04 DEBUG devpinoyLogger:581 - Navigating to URL
02/15/2018 16:25:16 DEBUG devpinoyLogger:147 - PASS
02/15/2018 16:25:16 DEBUG devpinoyLogger:139 - mouseHover
02/15/2018 16:25:16 DEBUG devpinoyLogger:1504 - Mouse Hovering to the element
02/15/2018 16:25:23 DEBUG devpinoyLogger:147 - PASS
02/15/2018 16:25:23 DEBUG devpinoyLogger:139 - enablehidden
02/15/2018 16:25:23 DEBUG devpinoyLogger:594 - Enabling Hidden elements 
02/15/2018 16:25:39 DEBUG devpinoyLogger:147 - PASS
02/15/2018 16:25:39 DEBUG devpinoyLogger:139 - exist
02/15/2018 16:25:39 DEBUG devpinoyLogger:943 - Checking existance of element
02/15/2018 16:25:39 DEBUG devpinoyLogger:147 - PASS
02/15/2018 16:25:39 DEBUG devpinoyLogger:139 - uniqueSelect
02/15/2018 16:25:39 DEBUG devpinoyLogger:1983 - Clicking one element out of list
02/15/2018 16:25:39 DEBUG devpinoyLogger:147 - PASS
02/15/2018 16:25:39 DEBUG devpinoyLogger:139 - uniqueSelect
02/15/2018 16:25:39 DEBUG devpinoyLogger:1983 - Clicking one element out of list
02/15/2018 16:25:39 DEBUG devpinoyLogger:147 - PASS
02/15/2018 16:25:39 DEBUG devpinoyLogger:139 - exist
02/15/2018 16:25:39 DEBUG devpinoyLogger:943 - Checking existance of element
02/15/2018 16:25:39 DEBUG devpinoyLogger:147 - PASS
02/15/2018 16:25:39 DEBUG devpinoyLogger:139 - quitBrowser
02/15/2018 16:25:39 DEBUG devpinoyLogger:1031 - Closing the browser
02/15/2018 16:25:41 DEBUG devpinoyLogger:147 - PASS
02/15/2018 16:25:42 DEBUG devpinoyLogger:88 - SortByFilter -- Y
02/15/2018 16:25:42 DEBUG devpinoyLogger:92 - Executing the test case -> SortByFilter
02/15/2018 16:25:42 DEBUG devpinoyLogger:98 - Iteration number 1
02/15/2018 16:25:42 DEBUG devpinoyLogger:139 - openBrowser2
02/15/2018 16:25:42 DEBUG devpinoyLogger:1940 - Opening browser
02/15/2018 16:25:45 DEBUG devpinoyLogger:147 - PASS
02/15/2018 16:25:45 DEBUG devpinoyLogger:139 - navigate
02/15/2018 16:25:45 DEBUG devpinoyLogger:581 - Navigating to URL
02/15/2018 16:25:55 DEBUG devpinoyLogger:147 - PASS
02/15/2018 16:25:55 DEBUG devpinoyLogger:139 - mouseHover
02/15/2018 16:25:55 DEBUG devpinoyLogger:1504 - Mouse Hovering to the element
02/15/2018 16:26:03 DEBUG devpinoyLogger:147 - PASS
02/15/2018 16:26:03 DEBUG devpinoyLogger:139 - enablehidden
02/15/2018 16:26:03 DEBUG devpinoyLogger:594 - Enabling Hidden elements 
02/15/2018 16:26:18 DEBUG devpinoyLogger:147 - PASS
02/15/2018 16:26:18 DEBUG devpinoyLogger:139 - uniqueSelect
02/15/2018 16:26:18 DEBUG devpinoyLogger:1983 - Clicking one element out of list
02/15/2018 16:26:18 DEBUG devpinoyLogger:147 - PASS
02/15/2018 16:26:18 DEBUG devpinoyLogger:139 - enablehidden
02/15/2018 16:26:18 DEBUG devpinoyLogger:594 - Enabling Hidden elements 
02/15/2018 16:26:18 DEBUG devpinoyLogger:147 - PASS
02/15/2018 16:26:18 DEBUG devpinoyLogger:139 - exist
02/15/2018 16:26:18 DEBUG devpinoyLogger:943 - Checking existance of element
02/15/2018 16:26:18 DEBUG devpinoyLogger:147 - PASS
02/15/2018 16:26:18 DEBUG devpinoyLogger:139 - closeBrowser
02/15/2018 16:26:18 DEBUG devpinoyLogger:1006 - Closing the browser
02/15/2018 16:26:18 DEBUG devpinoyLogger:147 - PASS
02/15/2018 16:26:19 DEBUG devpinoyLogger:98 - Iteration number 2
02/15/2018 16:26:20 DEBUG devpinoyLogger:88 - Verify the navigation path of the top menu -- Y
02/15/2018 16:26:20 DEBUG devpinoyLogger:92 - Executing the test case -> Verify the navigation path of the top menu
02/15/2018 16:26:20 DEBUG devpinoyLogger:139 - openBrowser2
02/15/2018 16:26:20 DEBUG devpinoyLogger:1940 - Opening browser
02/15/2018 16:26:23 DEBUG devpinoyLogger:147 - PASS
02/15/2018 16:26:24 DEBUG devpinoyLogger:139 - navigate
02/15/2018 16:26:24 DEBUG devpinoyLogger:581 - Navigating to URL
02/15/2018 16:26:35 DEBUG devpinoyLogger:147 - PASS
02/15/2018 16:26:35 DEBUG devpinoyLogger:139 - exist
02/15/2018 16:26:35 DEBUG devpinoyLogger:943 - Checking existance of element
02/15/2018 16:26:35 DEBUG devpinoyLogger:147 - PASS
02/15/2018 16:26:35 DEBUG devpinoyLogger:139 - quitBrowser
02/15/2018 16:26:35 DEBUG devpinoyLogger:1031 - Closing the browser
02/15/2018 16:26:36 DEBUG devpinoyLogger:147 - PASS
02/15/2018 16:26:37 DEBUG devpinoyLogger:88 - Verify the navigation path of Delta button -- Y
02/15/2018 16:26:37 DEBUG devpinoyLogger:92 - Executing the test case -> Verify the navigation path of Delta button
02/15/2018 16:26:37 DEBUG devpinoyLogger:139 - openBrowser2
02/15/2018 16:26:37 DEBUG devpinoyLogger:1940 - Opening browser
02/15/2018 16:26:40 DEBUG devpinoyLogger:147 - PASS
02/15/2018 16:26:40 DEBUG devpinoyLogger:139 - navigate
02/15/2018 16:26:40 DEBUG devpinoyLogger:581 - Navigating to URL
02/15/2018 16:26:52 DEBUG devpinoyLogger:147 - PASS
02/15/2018 16:26:52 DEBUG devpinoyLogger:139 - enablehidden
02/15/2018 16:26:52 DEBUG devpinoyLogger:594 - Enabling Hidden elements 
02/15/2018 16:27:07 DEBUG devpinoyLogger:147 - PASS
02/15/2018 16:27:07 DEBUG devpinoyLogger:139 - getCurrentURL
02/15/2018 16:27:07 DEBUG devpinoyLogger:203 - Checking the Current URL of the page
02/15/2018 16:27:07 DEBUG devpinoyLogger:147 - PASS
02/15/2018 16:27:07 DEBUG devpinoyLogger:139 - quitBrowser
02/15/2018 16:27:07 DEBUG devpinoyLogger:1031 - Closing the browser
02/15/2018 16:27:08 DEBUG devpinoyLogger:147 - PASS
02/15/2018 16:27:09 DEBUG devpinoyLogger:88 - Verify footer Categories of the page -- Y
02/15/2018 16:27:09 DEBUG devpinoyLogger:92 - Executing the test case -> Verify footer Categories of the page
02/15/2018 16:27:09 DEBUG devpinoyLogger:139 - openBrowser2
02/15/2018 16:27:09 DEBUG devpinoyLogger:1940 - Opening browser
02/15/2018 16:27:12 DEBUG devpinoyLogger:147 - PASS
02/15/2018 16:27:12 DEBUG devpinoyLogger:139 - navigate
02/15/2018 16:27:12 DEBUG devpinoyLogger:581 - Navigating to URL
02/15/2018 16:27:23 DEBUG devpinoyLogger:147 - PASS
02/15/2018 16:27:23 DEBUG devpinoyLogger:139 - scrolldown
02/15/2018 16:27:23 DEBUG devpinoyLogger:1846 - Scrolling down
02/15/2018 16:27:23 DEBUG devpinoyLogger:147 - PASS
02/15/2018 16:27:23 DEBUG devpinoyLogger:139 - exist
02/15/2018 16:27:23 DEBUG devpinoyLogger:943 - Checking existance of element
02/15/2018 16:27:23 DEBUG devpinoyLogger:147 - PASS
02/15/2018 16:27:23 DEBUG devpinoyLogger:139 - quitBrowser
02/15/2018 16:27:23 DEBUG devpinoyLogger:1031 - Closing the browser
02/15/2018 16:27:24 DEBUG devpinoyLogger:147 - PASS
02/15/2018 16:27:25 DEBUG devpinoyLogger:88 - Verify the functionality of show retail exclusive products -- Y
02/15/2018 16:27:25 DEBUG devpinoyLogger:92 - Executing the test case -> Verify the functionality of show retail exclusive products
02/15/2018 16:27:25 DEBUG devpinoyLogger:139 - openBrowser2
02/15/2018 16:27:25 DEBUG devpinoyLogger:1940 - Opening browser
02/15/2018 16:27:28 DEBUG devpinoyLogger:147 - PASS
02/15/2018 16:27:28 DEBUG devpinoyLogger:139 - navigate
02/15/2018 16:27:28 DEBUG devpinoyLogger:581 - Navigating to URL
02/15/2018 16:27:39 DEBUG devpinoyLogger:147 - PASS
02/15/2018 16:27:39 DEBUG devpinoyLogger:139 - mouseHover
02/15/2018 16:27:39 DEBUG devpinoyLogger:1504 - Mouse Hovering to the element
02/15/2018 16:27:46 DEBUG devpinoyLogger:147 - PASS
02/15/2018 16:27:46 DEBUG devpinoyLogger:139 - enablehidden
02/15/2018 16:27:46 DEBUG devpinoyLogger:594 - Enabling Hidden elements 
02/15/2018 16:28:01 DEBUG devpinoyLogger:147 - PASS
02/15/2018 16:28:01 DEBUG devpinoyLogger:139 - enablehidden
02/15/2018 16:28:01 DEBUG devpinoyLogger:594 - Enabling Hidden elements 
02/15/2018 16:28:15 DEBUG devpinoyLogger:147 - PASS
02/15/2018 16:28:15 DEBUG devpinoyLogger:139 - exist
02/15/2018 16:28:15 DEBUG devpinoyLogger:943 - Checking existance of element
02/15/2018 16:28:15 DEBUG devpinoyLogger:147 - PASS
02/15/2018 16:28:15 DEBUG devpinoyLogger:139 - enablehidden
02/15/2018 16:28:15 DEBUG devpinoyLogger:594 - Enabling Hidden elements 
02/15/2018 16:28:27 DEBUG devpinoyLogger:147 - PASS
02/15/2018 16:28:27 DEBUG devpinoyLogger:139 - exist
02/15/2018 16:28:27 DEBUG devpinoyLogger:943 - Checking existance of element
02/15/2018 16:28:27 DEBUG devpinoyLogger:147 - PASS
02/15/2018 16:28:27 DEBUG devpinoyLogger:139 - quitBrowser
02/15/2018 16:28:27 DEBUG devpinoyLogger:1031 - Closing the browser
02/15/2018 16:28:28 DEBUG devpinoyLogger:147 - PASS
02/15/2018 16:28:29 DEBUG devpinoyLogger:88 - Verification of Price filter facets -- Y
02/15/2018 16:28:29 DEBUG devpinoyLogger:92 - Executing the test case -> Verification of Price filter facets
02/15/2018 16:28:29 DEBUG devpinoyLogger:139 - openBrowser2
02/15/2018 16:28:29 DEBUG devpinoyLogger:1940 - Opening browser
02/15/2018 16:28:32 DEBUG devpinoyLogger:147 - PASS
02/15/2018 16:28:32 DEBUG devpinoyLogger:139 - navigate
02/15/2018 16:28:32 DEBUG devpinoyLogger:581 - Navigating to URL
02/15/2018 16:28:43 DEBUG devpinoyLogger:147 - PASS
02/15/2018 16:28:43 DEBUG devpinoyLogger:139 - mouseHover
02/15/2018 16:28:43 DEBUG devpinoyLogger:1504 - Mouse Hovering to the element
02/15/2018 16:28:51 DEBUG devpinoyLogger:147 - PASS
02/15/2018 16:28:51 DEBUG devpinoyLogger:139 - enablehidden
02/15/2018 16:28:51 DEBUG devpinoyLogger:594 - Enabling Hidden elements 
02/15/2018 16:29:06 DEBUG devpinoyLogger:147 - PASS
02/15/2018 16:29:06 DEBUG devpinoyLogger:139 - enablehidden
02/15/2018 16:29:06 DEBUG devpinoyLogger:594 - Enabling Hidden elements 
02/15/2018 16:29:06 DEBUG devpinoyLogger:147 - PASS
02/15/2018 16:29:06 DEBUG devpinoyLogger:139 - exist
02/15/2018 16:29:06 DEBUG devpinoyLogger:943 - Checking existance of element
02/15/2018 16:29:06 DEBUG devpinoyLogger:147 - PASS
02/15/2018 16:29:06 DEBUG devpinoyLogger:139 - quitBrowser
02/15/2018 16:29:06 DEBUG devpinoyLogger:1031 - Closing the browser
02/15/2018 16:29:07 DEBUG devpinoyLogger:147 - PASS
02/15/2018 16:29:08 DEBUG devpinoyLogger:88 - Verifying the Presence of Search Functionality -- Y
02/15/2018 16:29:08 DEBUG devpinoyLogger:92 - Executing the test case -> Verifying the Presence of Search Functionality
02/15/2018 16:29:08 DEBUG devpinoyLogger:139 - openBrowser2
02/15/2018 16:29:08 DEBUG devpinoyLogger:1940 - Opening browser
02/15/2018 16:29:11 DEBUG devpinoyLogger:147 - PASS
02/15/2018 16:29:11 DEBUG devpinoyLogger:139 - navigate
02/15/2018 16:29:11 DEBUG devpinoyLogger:581 - Navigating to URL
02/15/2018 16:29:21 DEBUG devpinoyLogger:147 - PASS
02/15/2018 16:29:21 DEBUG devpinoyLogger:139 - exist
02/15/2018 16:29:21 DEBUG devpinoyLogger:943 - Checking existance of element
02/15/2018 16:29:21 DEBUG devpinoyLogger:147 - PASS
02/15/2018 16:29:21 DEBUG devpinoyLogger:139 - quitBrowser
02/15/2018 16:29:21 DEBUG devpinoyLogger:1031 - Closing the browser
02/15/2018 16:29:22 DEBUG devpinoyLogger:147 - PASS
02/15/2018 16:29:23 DEBUG devpinoyLogger:88 - Verifying the functionality of the Your Shower Experience option available on the Desigh & Innovation tab -- Y
02/15/2018 16:29:23 DEBUG devpinoyLogger:92 - Executing the test case -> Verifying the functionality of the Your Shower Experience option available on the Desigh & Innovation tab
02/15/2018 16:29:23 DEBUG devpinoyLogger:139 - openBrowser2
02/15/2018 16:29:23 DEBUG devpinoyLogger:1940 - Opening browser
02/15/2018 16:29:26 DEBUG devpinoyLogger:147 - PASS
02/15/2018 16:29:26 DEBUG devpinoyLogger:139 - navigate
02/15/2018 16:29:26 DEBUG devpinoyLogger:581 - Navigating to URL
02/15/2018 16:29:38 DEBUG devpinoyLogger:147 - PASS
02/15/2018 16:29:38 DEBUG devpinoyLogger:139 - scrolldown
02/15/2018 16:29:38 DEBUG devpinoyLogger:1846 - Scrolling down
02/15/2018 16:29:38 DEBUG devpinoyLogger:147 - PASS
02/15/2018 16:29:38 DEBUG devpinoyLogger:139 - enablehidden
02/15/2018 16:29:38 DEBUG devpinoyLogger:594 - Enabling Hidden elements 
02/15/2018 16:29:59 DEBUG devpinoyLogger:147 - PASS
02/15/2018 16:29:59 DEBUG devpinoyLogger:139 - verifyText
02/15/2018 16:29:59 DEBUG devpinoyLogger:856 - Verifying the text
02/15/2018 16:29:59 DEBUG devpinoyLogger:147 - PASS
02/15/2018 16:29:59 DEBUG devpinoyLogger:139 - exist
02/15/2018 16:29:59 DEBUG devpinoyLogger:943 - Checking existance of element
02/15/2018 16:29:59 DEBUG devpinoyLogger:147 - PASS
02/15/2018 16:29:59 DEBUG devpinoyLogger:139 - quitBrowser
02/15/2018 16:29:59 DEBUG devpinoyLogger:1031 - Closing the browser
02/15/2018 16:30:01 DEBUG devpinoyLogger:147 - PASS
02/15/2018 16:30:01 DEBUG devpinoyLogger:88 - Verifying the Training option -- Y
02/15/2018 16:30:01 DEBUG devpinoyLogger:92 - Executing the test case -> Verifying the Training option
02/15/2018 16:30:01 DEBUG devpinoyLogger:98 - Iteration number 1
02/15/2018 16:30:01 DEBUG devpinoyLogger:139 - openBrowser2
02/15/2018 16:30:01 DEBUG devpinoyLogger:1940 - Opening browser
02/15/2018 16:30:04 DEBUG devpinoyLogger:147 - PASS
02/15/2018 16:30:04 DEBUG devpinoyLogger:139 - navigate
02/15/2018 16:30:04 DEBUG devpinoyLogger:581 - Navigating to URL
02/15/2018 16:30:16 DEBUG devpinoyLogger:147 - PASS
02/15/2018 16:30:16 DEBUG devpinoyLogger:139 - verifyText
02/15/2018 16:30:16 DEBUG devpinoyLogger:856 - Verifying the text
02/15/2018 16:30:16 DEBUG devpinoyLogger:147 - PASS
02/15/2018 16:30:16 DEBUG devpinoyLogger:139 - exist
02/15/2018 16:30:16 DEBUG devpinoyLogger:943 - Checking existance of element
02/15/2018 16:30:16 DEBUG devpinoyLogger:147 - PASS
02/15/2018 16:30:16 DEBUG devpinoyLogger:139 - quitBrowser
02/15/2018 16:30:16 DEBUG devpinoyLogger:1031 - Closing the browser
02/15/2018 16:30:17 DEBUG devpinoyLogger:147 - PASS
02/15/2018 16:30:17 DEBUG devpinoyLogger:88 - Verifying the For Professional button functionality available in the main menu. -- Y
02/15/2018 16:30:17 DEBUG devpinoyLogger:92 - Executing the test case -> Verifying the For Professional button functionality available in the main menu.
02/15/2018 16:30:17 DEBUG devpinoyLogger:139 - openBrowser2
02/15/2018 16:30:17 DEBUG devpinoyLogger:1940 - Opening browser
02/15/2018 16:30:21 DEBUG devpinoyLogger:147 - PASS
02/15/2018 16:30:21 DEBUG devpinoyLogger:139 - navigate
02/15/2018 16:30:21 DEBUG devpinoyLogger:581 - Navigating to URL
02/15/2018 16:30:32 DEBUG devpinoyLogger:147 - PASS
02/15/2018 16:30:32 DEBUG devpinoyLogger:139 - mouseHover
02/15/2018 16:30:32 DEBUG devpinoyLogger:1504 - Mouse Hovering to the element
02/15/2018 16:30:39 DEBUG devpinoyLogger:147 - PASS
02/15/2018 16:30:39 DEBUG devpinoyLogger:139 - exist
02/15/2018 16:30:39 DEBUG devpinoyLogger:943 - Checking existance of element
02/15/2018 16:30:39 DEBUG devpinoyLogger:147 - PASS
02/15/2018 16:30:39 DEBUG devpinoyLogger:139 - quitBrowser
02/15/2018 16:30:39 DEBUG devpinoyLogger:1031 - Closing the browser
02/15/2018 16:30:40 DEBUG devpinoyLogger:147 - PASS
02/15/2018 16:30:40 DEBUG devpinoyLogger:88 - Search -- Y
02/15/2018 16:30:40 DEBUG devpinoyLogger:92 - Executing the test case -> Search
02/15/2018 16:30:40 DEBUG devpinoyLogger:98 - Iteration number 1
02/15/2018 16:30:40 DEBUG devpinoyLogger:139 - openBrowser2
02/15/2018 16:30:40 DEBUG devpinoyLogger:1940 - Opening browser
02/15/2018 16:30:44 DEBUG devpinoyLogger:147 - PASS
02/15/2018 16:30:44 DEBUG devpinoyLogger:139 - navigate
02/15/2018 16:30:44 DEBUG devpinoyLogger:581 - Navigating to URL
02/15/2018 16:30:54 DEBUG devpinoyLogger:147 - PASS
02/15/2018 16:30:54 DEBUG devpinoyLogger:139 - writeInInput
02/15/2018 16:30:54 DEBUG devpinoyLogger:872 - Writing in text box
02/15/2018 16:30:54 DEBUG devpinoyLogger:147 - PASS
02/15/2018 16:30:54 DEBUG devpinoyLogger:139 - explicitwait
02/15/2018 16:30:54 DEBUG devpinoyLogger:1047 - Waiting for the element to be visible
02/15/2018 16:30:56 DEBUG devpinoyLogger:147 - PASS
02/15/2018 16:30:56 DEBUG devpinoyLogger:139 - ArrowKeyDown
02/15/2018 16:30:56 DEBUG devpinoyLogger:2139 - Clicking Arrow Down key
02/15/2018 16:30:56 DEBUG devpinoyLogger:147 - PASS
02/15/2018 16:30:56 DEBUG devpinoyLogger:139 - pause
02/15/2018 16:31:01 DEBUG devpinoyLogger:147 - PASS
02/15/2018 16:31:01 DEBUG devpinoyLogger:139 - enter
02/15/2018 16:31:01 DEBUG devpinoyLogger:1100 - Going back one page
02/15/2018 16:31:01 DEBUG devpinoyLogger:147 - PASS
02/15/2018 16:31:01 DEBUG devpinoyLogger:139 - explicitwait
02/15/2018 16:31:01 DEBUG devpinoyLogger:1047 - Waiting for the element to be visible
02/15/2018 16:31:15 DEBUG devpinoyLogger:147 - PASS
02/15/2018 16:31:15 DEBUG devpinoyLogger:139 - exist
02/15/2018 16:31:15 DEBUG devpinoyLogger:943 - Checking existance of element
02/15/2018 16:31:15 DEBUG devpinoyLogger:147 - PASS
02/15/2018 16:31:15 DEBUG devpinoyLogger:139 - quitBrowser
02/15/2018 16:31:15 DEBUG devpinoyLogger:1031 - Closing the browser
02/15/2018 16:31:16 DEBUG devpinoyLogger:147 - PASS
02/15/2018 16:31:17 DEBUG devpinoyLogger:88 - Verifying the Categories sub menu option of the For Professional menu. -- Y
02/15/2018 16:31:17 DEBUG devpinoyLogger:92 - Executing the test case -> Verifying the Categories sub menu option of the For Professional menu.
02/15/2018 16:31:17 DEBUG devpinoyLogger:139 - openBrowser2
02/15/2018 16:31:17 DEBUG devpinoyLogger:1940 - Opening browser
02/15/2018 16:31:20 DEBUG devpinoyLogger:147 - PASS
02/15/2018 16:31:20 DEBUG devpinoyLogger:139 - navigate
02/15/2018 16:31:20 DEBUG devpinoyLogger:581 - Navigating to URL
02/15/2018 16:31:31 DEBUG devpinoyLogger:147 - PASS
02/15/2018 16:31:31 DEBUG devpinoyLogger:139 - mouseHover
02/15/2018 16:31:31 DEBUG devpinoyLogger:1504 - Mouse Hovering to the element
02/15/2018 16:31:38 DEBUG devpinoyLogger:147 - PASS
02/15/2018 16:31:38 DEBUG devpinoyLogger:139 - exist
02/15/2018 16:31:38 DEBUG devpinoyLogger:943 - Checking existance of element
02/15/2018 16:31:39 DEBUG devpinoyLogger:147 - PASS
02/15/2018 16:31:39 DEBUG devpinoyLogger:139 - enablehidden
02/15/2018 16:31:39 DEBUG devpinoyLogger:594 - Enabling Hidden elements 
02/15/2018 16:31:48 DEBUG devpinoyLogger:147 - PASS
02/15/2018 16:31:48 DEBUG devpinoyLogger:139 - exist
02/15/2018 16:31:48 DEBUG devpinoyLogger:943 - Checking existance of element
02/15/2018 16:31:48 DEBUG devpinoyLogger:147 - PASS
02/15/2018 16:31:48 DEBUG devpinoyLogger:139 - mouseHover
02/15/2018 16:31:48 DEBUG devpinoyLogger:1504 - Mouse Hovering to the element
02/15/2018 16:31:55 DEBUG devpinoyLogger:147 - PASS
02/15/2018 16:31:55 DEBUG devpinoyLogger:139 - enablehidden
02/15/2018 16:31:55 DEBUG devpinoyLogger:594 - Enabling Hidden elements 
02/15/2018 16:32:02 DEBUG devpinoyLogger:147 - PASS
02/15/2018 16:32:02 DEBUG devpinoyLogger:139 - exist
02/15/2018 16:32:02 DEBUG devpinoyLogger:943 - Checking existance of element
02/15/2018 16:32:02 DEBUG devpinoyLogger:147 - PASS
02/15/2018 16:32:02 DEBUG devpinoyLogger:139 - mouseHover
02/15/2018 16:32:02 DEBUG devpinoyLogger:1504 - Mouse Hovering to the element
02/15/2018 16:32:09 DEBUG devpinoyLogger:147 - PASS
02/15/2018 16:32:09 DEBUG devpinoyLogger:139 - enablehidden
02/15/2018 16:32:09 DEBUG devpinoyLogger:594 - Enabling Hidden elements 
02/15/2018 16:32:15 DEBUG devpinoyLogger:147 - PASS
02/15/2018 16:32:15 DEBUG devpinoyLogger:139 - exist
02/15/2018 16:32:15 DEBUG devpinoyLogger:943 - Checking existance of element
02/15/2018 16:32:15 DEBUG devpinoyLogger:147 - PASS
02/15/2018 16:32:15 DEBUG devpinoyLogger:139 - mouseHover
02/15/2018 16:32:15 DEBUG devpinoyLogger:1504 - Mouse Hovering to the element
02/15/2018 16:32:23 DEBUG devpinoyLogger:147 - PASS
02/15/2018 16:32:23 DEBUG devpinoyLogger:139 - enablehidden
02/15/2018 16:32:23 DEBUG devpinoyLogger:594 - Enabling Hidden elements 
02/15/2018 16:32:30 DEBUG devpinoyLogger:147 - PASS
02/15/2018 16:32:30 DEBUG devpinoyLogger:139 - exist
02/15/2018 16:32:30 DEBUG devpinoyLogger:943 - Checking existance of element
02/15/2018 16:32:30 DEBUG devpinoyLogger:147 - PASS
02/15/2018 16:32:30 DEBUG devpinoyLogger:139 - quitBrowser
02/15/2018 16:32:30 DEBUG devpinoyLogger:1031 - Closing the browser
02/15/2018 16:32:31 DEBUG devpinoyLogger:147 - PASS
02/15/2018 16:32:33 DEBUG devpinoyLogger:88 - Verifying the Commerical option available in the Categories of the For Professional menu. -- Y
02/15/2018 16:32:33 DEBUG devpinoyLogger:92 - Executing the test case -> Verifying the Commerical option available in the Categories of the For Professional menu.
02/15/2018 16:32:33 DEBUG devpinoyLogger:139 - openBrowser2
02/15/2018 16:32:33 DEBUG devpinoyLogger:1940 - Opening browser
02/15/2018 16:32:36 DEBUG devpinoyLogger:147 - PASS
02/15/2018 16:32:36 DEBUG devpinoyLogger:139 - navigate
02/15/2018 16:32:36 DEBUG devpinoyLogger:581 - Navigating to URL
02/15/2018 16:32:48 DEBUG devpinoyLogger:147 - PASS
02/15/2018 16:32:48 DEBUG devpinoyLogger:139 - mouseHover
02/15/2018 16:32:48 DEBUG devpinoyLogger:1504 - Mouse Hovering to the element
02/15/2018 16:32:55 DEBUG devpinoyLogger:147 - PASS
02/15/2018 16:32:55 DEBUG devpinoyLogger:139 - exist
02/15/2018 16:32:55 DEBUG devpinoyLogger:943 - Checking existance of element
02/15/2018 16:32:55 DEBUG devpinoyLogger:147 - PASS
02/15/2018 16:32:55 DEBUG devpinoyLogger:139 - enablehidden
02/15/2018 16:32:55 DEBUG devpinoyLogger:594 - Enabling Hidden elements 
02/15/2018 16:33:07 DEBUG devpinoyLogger:147 - PASS
02/15/2018 16:33:07 DEBUG devpinoyLogger:139 - exist
02/15/2018 16:33:07 DEBUG devpinoyLogger:943 - Checking existance of element
02/15/2018 16:33:07 DEBUG devpinoyLogger:147 - PASS
02/15/2018 16:33:07 DEBUG devpinoyLogger:139 - exist
02/15/2018 16:33:07 DEBUG devpinoyLogger:943 - Checking existance of element
02/15/2018 16:33:07 DEBUG devpinoyLogger:147 - PASS
02/15/2018 16:33:07 DEBUG devpinoyLogger:139 - quitBrowser
02/15/2018 16:33:07 DEBUG devpinoyLogger:1031 - Closing the browser
02/15/2018 16:33:08 DEBUG devpinoyLogger:147 - PASS
02/15/2018 16:33:09 DEBUG devpinoyLogger:88 - Verifying the Inspired Pro option aailable in the For Professional MENU. -- Y
02/15/2018 16:33:09 DEBUG devpinoyLogger:92 - Executing the test case -> Verifying the Inspired Pro option aailable in the For Professional MENU.
02/15/2018 16:33:09 DEBUG devpinoyLogger:139 - openBrowser2
02/15/2018 16:33:09 DEBUG devpinoyLogger:1940 - Opening browser
02/15/2018 16:33:12 DEBUG devpinoyLogger:147 - PASS
02/15/2018 16:33:12 DEBUG devpinoyLogger:139 - navigate
02/15/2018 16:33:12 DEBUG devpinoyLogger:581 - Navigating to URL
02/15/2018 16:33:24 DEBUG devpinoyLogger:147 - PASS
02/15/2018 16:33:24 DEBUG devpinoyLogger:139 - mouseHover
02/15/2018 16:33:24 DEBUG devpinoyLogger:1504 - Mouse Hovering to the element
02/15/2018 16:33:31 DEBUG devpinoyLogger:147 - PASS
02/15/2018 16:33:31 DEBUG devpinoyLogger:139 - enablehidden
02/15/2018 16:33:31 DEBUG devpinoyLogger:594 - Enabling Hidden elements 
02/15/2018 16:33:41 DEBUG devpinoyLogger:147 - PASS
02/15/2018 16:33:41 DEBUG devpinoyLogger:139 - exist
02/15/2018 16:33:41 DEBUG devpinoyLogger:943 - Checking existance of element
02/15/2018 16:33:41 DEBUG devpinoyLogger:147 - PASS
02/15/2018 16:33:41 DEBUG devpinoyLogger:139 - exist
02/15/2018 16:33:41 DEBUG devpinoyLogger:943 - Checking existance of element
02/15/2018 16:33:41 DEBUG devpinoyLogger:147 - PASS
02/15/2018 16:33:41 DEBUG devpinoyLogger:139 - quitBrowser
02/15/2018 16:33:41 DEBUG devpinoyLogger:1031 - Closing the browser
02/15/2018 16:33:42 DEBUG devpinoyLogger:147 - PASS
02/15/2018 16:33:42 DEBUG devpinoyLogger:88 - Collection Pages -- Y
02/15/2018 16:33:42 DEBUG devpinoyLogger:92 - Executing the test case -> Collection Pages
02/15/2018 16:33:42 DEBUG devpinoyLogger:139 - openBrowser2
02/15/2018 16:33:42 DEBUG devpinoyLogger:1940 - Opening browser
02/15/2018 16:33:45 DEBUG devpinoyLogger:147 - PASS
02/15/2018 16:33:45 DEBUG devpinoyLogger:139 - navigate
02/15/2018 16:33:45 DEBUG devpinoyLogger:581 - Navigating to URL
02/15/2018 16:33:57 DEBUG devpinoyLogger:147 - PASS
02/15/2018 16:33:57 DEBUG devpinoyLogger:139 - scrolldown
02/15/2018 16:33:57 DEBUG devpinoyLogger:1846 - Scrolling down
02/15/2018 16:33:57 DEBUG devpinoyLogger:147 - PASS
02/15/2018 16:33:57 DEBUG devpinoyLogger:139 - enablehidden
02/15/2018 16:33:57 DEBUG devpinoyLogger:594 - Enabling Hidden elements 
02/15/2018 16:34:13 DEBUG devpinoyLogger:147 - PASS
02/15/2018 16:34:13 DEBUG devpinoyLogger:139 - exist
02/15/2018 16:34:13 DEBUG devpinoyLogger:943 - Checking existance of element
02/15/2018 16:34:13 DEBUG devpinoyLogger:147 - PASS
02/15/2018 16:34:13 DEBUG devpinoyLogger:139 - exist
02/15/2018 16:34:13 DEBUG devpinoyLogger:943 - Checking existance of element
02/15/2018 16:34:13 DEBUG devpinoyLogger:147 - PASS
02/15/2018 16:34:13 DEBUG devpinoyLogger:139 - quitBrowser
02/15/2018 16:34:13 DEBUG devpinoyLogger:1031 - Closing the browser
02/15/2018 16:34:14 DEBUG devpinoyLogger:147 - PASS
02/15/2018 16:34:15 DEBUG devpinoyLogger:88 - FAQ -- Y
02/15/2018 16:34:15 DEBUG devpinoyLogger:92 - Executing the test case -> FAQ
02/15/2018 16:34:15 DEBUG devpinoyLogger:139 - openBrowser2
02/15/2018 16:34:15 DEBUG devpinoyLogger:1940 - Opening browser
02/15/2018 16:34:18 DEBUG devpinoyLogger:147 - PASS
02/15/2018 16:34:18 DEBUG devpinoyLogger:139 - navigate
02/15/2018 16:34:18 DEBUG devpinoyLogger:581 - Navigating to URL
02/15/2018 16:34:29 DEBUG devpinoyLogger:147 - PASS
02/15/2018 16:34:29 DEBUG devpinoyLogger:139 - scrolldown
02/15/2018 16:34:29 DEBUG devpinoyLogger:1846 - Scrolling down
02/15/2018 16:34:29 DEBUG devpinoyLogger:147 - PASS
02/15/2018 16:34:29 DEBUG devpinoyLogger:139 - enablehidden
02/15/2018 16:34:29 DEBUG devpinoyLogger:594 - Enabling Hidden elements 
02/15/2018 16:35:06 DEBUG devpinoyLogger:147 - PASS
02/15/2018 16:35:06 DEBUG devpinoyLogger:139 - exist
02/15/2018 16:35:06 DEBUG devpinoyLogger:943 - Checking existance of element
02/15/2018 16:35:06 DEBUG devpinoyLogger:147 - PASS
02/15/2018 16:35:06 DEBUG devpinoyLogger:139 - quitBrowser
02/15/2018 16:35:06 DEBUG devpinoyLogger:1031 - Closing the browser
02/15/2018 16:35:07 DEBUG devpinoyLogger:147 - PASS
02/15/2018 16:35:08 DEBUG devpinoyLogger:88 - Hamburge Menu -- Y
02/15/2018 16:35:08 DEBUG devpinoyLogger:92 - Executing the test case -> Hamburge Menu
02/15/2018 16:35:08 DEBUG devpinoyLogger:139 - openBrowser2
02/15/2018 16:35:08 DEBUG devpinoyLogger:1940 - Opening browser
02/15/2018 16:35:11 DEBUG devpinoyLogger:147 - PASS
02/15/2018 16:35:11 DEBUG devpinoyLogger:139 - navigate
02/15/2018 16:35:11 DEBUG devpinoyLogger:581 - Navigating to URL
02/15/2018 16:35:21 DEBUG devpinoyLogger:147 - PASS
02/15/2018 16:35:21 DEBUG devpinoyLogger:139 - enablehidden
02/15/2018 16:35:21 DEBUG devpinoyLogger:594 - Enabling Hidden elements 
02/15/2018 16:35:21 DEBUG devpinoyLogger:147 - PASS
02/15/2018 16:35:21 DEBUG devpinoyLogger:139 - exist
02/15/2018 16:35:21 DEBUG devpinoyLogger:943 - Checking existance of element
02/15/2018 16:35:21 DEBUG devpinoyLogger:147 - PASS
02/15/2018 16:35:21 DEBUG devpinoyLogger:139 - quitBrowser
02/15/2018 16:35:21 DEBUG devpinoyLogger:1031 - Closing the browser
02/15/2018 16:35:22 DEBUG devpinoyLogger:147 - PASS
02/15/2018 16:35:23 DEBUG devpinoyLogger:79 - ProductDetailsPage -- Y
02/15/2018 16:35:23 DEBUG devpinoyLogger:84 - ******Executing the Suite******ProductDetailsPage
02/15/2018 16:35:23 DEBUG devpinoyLogger:88 - Verify Add to Project -- Y
02/15/2018 16:35:23 DEBUG devpinoyLogger:92 - Executing the test case -> Verify Add to Project
02/15/2018 16:35:23 DEBUG devpinoyLogger:139 - openBrowser2
02/15/2018 16:35:23 DEBUG devpinoyLogger:1940 - Opening browser
02/15/2018 16:35:26 DEBUG devpinoyLogger:147 - PASS
02/15/2018 16:35:26 DEBUG devpinoyLogger:139 - navigate
02/15/2018 16:35:26 DEBUG devpinoyLogger:581 - Navigating to URL
02/15/2018 16:35:37 DEBUG devpinoyLogger:147 - PASS
02/15/2018 16:35:37 DEBUG devpinoyLogger:139 - mouseHover
02/15/2018 16:35:37 DEBUG devpinoyLogger:1504 - Mouse Hovering to the element
02/15/2018 16:35:44 DEBUG devpinoyLogger:147 - PASS
02/15/2018 16:35:44 DEBUG devpinoyLogger:139 - enablehidden
02/15/2018 16:35:44 DEBUG devpinoyLogger:594 - Enabling Hidden elements 
02/15/2018 16:36:08 DEBUG devpinoyLogger:147 - PASS
02/15/2018 16:36:08 DEBUG devpinoyLogger:139 - exist
02/15/2018 16:36:08 DEBUG devpinoyLogger:943 - Checking existance of element
02/15/2018 16:36:08 DEBUG devpinoyLogger:147 - PASS
02/15/2018 16:36:08 DEBUG devpinoyLogger:139 - uniqueSelect
02/15/2018 16:36:08 DEBUG devpinoyLogger:1983 - Clicking one element out of list
02/15/2018 16:36:20 DEBUG devpinoyLogger:147 - PASS
02/15/2018 16:36:20 DEBUG devpinoyLogger:139 - exist
02/15/2018 16:36:20 DEBUG devpinoyLogger:943 - Checking existance of element
02/15/2018 16:36:20 DEBUG devpinoyLogger:147 - PASS
02/15/2018 16:36:20 DEBUG devpinoyLogger:139 - quitBrowser
02/15/2018 16:36:20 DEBUG devpinoyLogger:1031 - Closing the browser
02/15/2018 16:36:21 DEBUG devpinoyLogger:147 - PASS
02/15/2018 16:36:22 DEBUG devpinoyLogger:88 - Verification of View My Items -- Y
02/15/2018 16:36:22 DEBUG devpinoyLogger:92 - Executing the test case -> Verification of View My Items
02/15/2018 16:36:22 DEBUG devpinoyLogger:139 - openBrowser2
02/15/2018 16:36:22 DEBUG devpinoyLogger:1940 - Opening browser
02/15/2018 16:36:25 DEBUG devpinoyLogger:147 - PASS
02/15/2018 16:36:25 DEBUG devpinoyLogger:139 - navigate
02/15/2018 16:36:25 DEBUG devpinoyLogger:581 - Navigating to URL
02/15/2018 16:36:37 DEBUG devpinoyLogger:147 - PASS
02/15/2018 16:36:37 DEBUG devpinoyLogger:139 - mouseHover
02/15/2018 16:36:37 DEBUG devpinoyLogger:1504 - Mouse Hovering to the element
02/15/2018 16:36:44 DEBUG devpinoyLogger:147 - PASS
02/15/2018 16:36:44 DEBUG devpinoyLogger:139 - enablehidden
02/15/2018 16:36:44 DEBUG devpinoyLogger:594 - Enabling Hidden elements 
02/15/2018 16:37:06 DEBUG devpinoyLogger:147 - PASS
02/15/2018 16:37:06 DEBUG devpinoyLogger:139 - exist
02/15/2018 16:37:06 DEBUG devpinoyLogger:943 - Checking existance of element
02/15/2018 16:37:06 DEBUG devpinoyLogger:147 - PASS
02/15/2018 16:37:06 DEBUG devpinoyLogger:139 - uniqueSelect
02/15/2018 16:37:06 DEBUG devpinoyLogger:1983 - Clicking one element out of list
02/15/2018 16:37:18 DEBUG devpinoyLogger:147 - PASS
02/15/2018 16:37:18 DEBUG devpinoyLogger:139 - explicitwait
02/15/2018 16:37:18 DEBUG devpinoyLogger:1047 - Waiting for the element to be visible
02/15/2018 16:37:18 DEBUG devpinoyLogger:147 - PASS
02/15/2018 16:37:18 DEBUG devpinoyLogger:139 - enablehidden
02/15/2018 16:37:18 DEBUG devpinoyLogger:594 - Enabling Hidden elements 
02/15/2018 16:37:18 DEBUG devpinoyLogger:147 - PASS
02/15/2018 16:37:18 DEBUG devpinoyLogger:139 - enablehidden
02/15/2018 16:37:18 DEBUG devpinoyLogger:594 - Enabling Hidden elements 
02/15/2018 16:37:29 DEBUG devpinoyLogger:147 - PASS
02/15/2018 16:37:29 DEBUG devpinoyLogger:139 - exist
02/15/2018 16:37:29 DEBUG devpinoyLogger:943 - Checking existance of element
02/15/2018 16:37:29 DEBUG devpinoyLogger:147 - PASS
02/15/2018 16:37:29 DEBUG devpinoyLogger:139 - quitBrowser
02/15/2018 16:37:29 DEBUG devpinoyLogger:1031 - Closing the browser
02/15/2018 16:37:31 DEBUG devpinoyLogger:147 - PASS
02/15/2018 16:37:31 DEBUG devpinoyLogger:88 - Comparing the Products -- Y
02/15/2018 16:37:31 DEBUG devpinoyLogger:92 - Executing the test case -> Comparing the Products
02/15/2018 16:37:31 DEBUG devpinoyLogger:98 - Iteration number 1
02/15/2018 16:37:31 DEBUG devpinoyLogger:139 - openBrowser2
02/15/2018 16:37:31 DEBUG devpinoyLogger:1940 - Opening browser
02/15/2018 16:37:34 DEBUG devpinoyLogger:147 - PASS
02/15/2018 16:37:34 DEBUG devpinoyLogger:139 - navigate
02/15/2018 16:37:34 DEBUG devpinoyLogger:581 - Navigating to URL
02/15/2018 16:37:46 DEBUG devpinoyLogger:147 - PASS
02/15/2018 16:37:46 DEBUG devpinoyLogger:139 - writeInInput
02/15/2018 16:37:46 DEBUG devpinoyLogger:872 - Writing in text box
02/15/2018 16:37:47 DEBUG devpinoyLogger:147 - PASS
02/15/2018 16:37:47 DEBUG devpinoyLogger:139 - explicitwait
02/15/2018 16:37:47 DEBUG devpinoyLogger:1047 - Waiting for the element to be visible
02/15/2018 16:37:48 DEBUG devpinoyLogger:147 - PASS
02/15/2018 16:37:48 DEBUG devpinoyLogger:139 - ArrowKeyDown
02/15/2018 16:37:48 DEBUG devpinoyLogger:2139 - Clicking Arrow Down key
02/15/2018 16:37:48 DEBUG devpinoyLogger:147 - PASS
02/15/2018 16:37:48 DEBUG devpinoyLogger:139 - pause
02/15/2018 16:37:50 DEBUG devpinoyLogger:147 - PASS
02/15/2018 16:37:50 DEBUG devpinoyLogger:139 - enter
02/15/2018 16:37:50 DEBUG devpinoyLogger:1100 - Going back one page
02/15/2018 16:37:50 DEBUG devpinoyLogger:147 - PASS
02/15/2018 16:37:50 DEBUG devpinoyLogger:139 - pause
02/15/2018 16:37:53 DEBUG devpinoyLogger:147 - PASS
02/15/2018 16:37:53 DEBUG devpinoyLogger:139 - enablehidden
02/15/2018 16:37:53 DEBUG devpinoyLogger:594 - Enabling Hidden elements 
02/15/2018 16:38:06 DEBUG devpinoyLogger:147 - PASS
02/15/2018 16:38:06 DEBUG devpinoyLogger:139 - explicitwait
02/15/2018 16:38:06 DEBUG devpinoyLogger:1047 - Waiting for the element to be visible
02/15/2018 16:38:08 DEBUG devpinoyLogger:147 - PASS
02/15/2018 16:38:08 DEBUG devpinoyLogger:139 - enablehidden
02/15/2018 16:38:08 DEBUG devpinoyLogger:594 - Enabling Hidden elements 
02/15/2018 16:38:08 DEBUG devpinoyLogger:147 - PASS
02/15/2018 16:38:08 DEBUG devpinoyLogger:139 - writeInInput
02/15/2018 16:38:08 DEBUG devpinoyLogger:872 - Writing in text box
02/15/2018 16:38:08 DEBUG devpinoyLogger:147 - PASS
02/15/2018 16:38:08 DEBUG devpinoyLogger:139 - explicitwait
02/15/2018 16:38:08 DEBUG devpinoyLogger:1047 - Waiting for the element to be visible
02/15/2018 16:38:09 DEBUG devpinoyLogger:147 - PASS
02/15/2018 16:38:09 DEBUG devpinoyLogger:139 - ArrowKeyDown
02/15/2018 16:38:09 DEBUG devpinoyLogger:2139 - Clicking Arrow Down key
02/15/2018 16:38:09 DEBUG devpinoyLogger:147 - PASS
02/15/2018 16:38:09 DEBUG devpinoyLogger:139 - pause
02/15/2018 16:38:11 DEBUG devpinoyLogger:147 - PASS
02/15/2018 16:38:11 DEBUG devpinoyLogger:139 - enter
02/15/2018 16:38:11 DEBUG devpinoyLogger:1100 - Going back one page
02/15/2018 16:38:11 DEBUG devpinoyLogger:147 - PASS
02/15/2018 16:38:11 DEBUG devpinoyLogger:139 - pause
02/15/2018 16:38:14 DEBUG devpinoyLogger:147 - PASS
02/15/2018 16:38:14 DEBUG devpinoyLogger:139 - enablehidden
02/15/2018 16:38:14 DEBUG devpinoyLogger:594 - Enabling Hidden elements 
02/15/2018 16:38:20 DEBUG devpinoyLogger:147 - PASS
02/15/2018 16:38:20 DEBUG devpinoyLogger:139 - enablehidden
02/15/2018 16:38:20 DEBUG devpinoyLogger:594 - Enabling Hidden elements 
02/15/2018 16:38:22 DEBUG devpinoyLogger:147 - PASS
02/15/2018 16:38:22 DEBUG devpinoyLogger:139 - exist
02/15/2018 16:38:22 DEBUG devpinoyLogger:943 - Checking existance of element
02/15/2018 16:38:22 DEBUG devpinoyLogger:147 - PASS
02/15/2018 16:38:22 DEBUG devpinoyLogger:139 - quitBrowser
02/15/2018 16:38:22 DEBUG devpinoyLogger:1031 - Closing the browser
02/15/2018 16:38:23 DEBUG devpinoyLogger:147 - PASS
02/15/2018 16:38:25 DEBUG devpinoyLogger:88 - Product details page -- Y
02/15/2018 16:38:25 DEBUG devpinoyLogger:92 - Executing the test case -> Product details page
02/15/2018 16:38:25 DEBUG devpinoyLogger:139 - openBrowser2
02/15/2018 16:38:25 DEBUG devpinoyLogger:1940 - Opening browser
02/15/2018 16:38:28 DEBUG devpinoyLogger:147 - PASS
02/15/2018 16:38:28 DEBUG devpinoyLogger:139 - navigate
02/15/2018 16:38:28 DEBUG devpinoyLogger:581 - Navigating to URL
02/15/2018 16:38:40 DEBUG devpinoyLogger:147 - PASS
02/15/2018 16:38:40 DEBUG devpinoyLogger:139 - mouseHover
02/15/2018 16:38:40 DEBUG devpinoyLogger:1504 - Mouse Hovering to the element
02/15/2018 16:38:48 DEBUG devpinoyLogger:147 - PASS
02/15/2018 16:38:48 DEBUG devpinoyLogger:139 - enablehidden
02/15/2018 16:38:48 DEBUG devpinoyLogger:594 - Enabling Hidden elements 
02/15/2018 16:39:09 DEBUG devpinoyLogger:147 - PASS
02/15/2018 16:39:09 DEBUG devpinoyLogger:139 - exist
02/15/2018 16:39:09 DEBUG devpinoyLogger:943 - Checking existance of element
02/15/2018 16:39:09 DEBUG devpinoyLogger:147 - PASS
02/15/2018 16:39:09 DEBUG devpinoyLogger:139 - pause
02/15/2018 16:39:14 DEBUG devpinoyLogger:147 - PASS
02/15/2018 16:39:14 DEBUG devpinoyLogger:139 - uniqueSelect
02/15/2018 16:39:14 DEBUG devpinoyLogger:1983 - Clicking one element out of list
02/15/2018 16:39:25 DEBUG devpinoyLogger:147 - PASS
02/15/2018 16:39:25 DEBUG devpinoyLogger:139 - pause
02/15/2018 16:39:30 DEBUG devpinoyLogger:147 - PASS
02/15/2018 16:39:30 DEBUG devpinoyLogger:139 - exist
02/15/2018 16:39:30 DEBUG devpinoyLogger:943 - Checking existance of element
02/15/2018 16:39:30 DEBUG devpinoyLogger:147 - PASS
02/15/2018 16:39:30 DEBUG devpinoyLogger:139 - quitBrowser
02/15/2018 16:39:30 DEBUG devpinoyLogger:1031 - Closing the browser
02/15/2018 16:39:31 DEBUG devpinoyLogger:147 - PASS
02/15/2018 16:39:31 DEBUG devpinoyLogger:88 - PDP-Verification of Favorite products -- Y
02/15/2018 16:39:31 DEBUG devpinoyLogger:92 - Executing the test case -> PDP-Verification of Favorite products
02/15/2018 16:39:31 DEBUG devpinoyLogger:139 - openBrowser2
02/15/2018 16:39:31 DEBUG devpinoyLogger:1940 - Opening browser
02/15/2018 16:39:35 DEBUG devpinoyLogger:147 - PASS
02/15/2018 16:39:35 DEBUG devpinoyLogger:139 - navigate
02/15/2018 16:39:35 DEBUG devpinoyLogger:581 - Navigating to URL
02/15/2018 16:39:47 DEBUG devpinoyLogger:147 - PASS
02/15/2018 16:39:47 DEBUG devpinoyLogger:139 - mouseHover
02/15/2018 16:39:47 DEBUG devpinoyLogger:1504 - Mouse Hovering to the element
02/15/2018 16:39:54 DEBUG devpinoyLogger:147 - PASS
02/15/2018 16:39:54 DEBUG devpinoyLogger:139 - enablehidden
02/15/2018 16:39:54 DEBUG devpinoyLogger:594 - Enabling Hidden elements 
02/15/2018 16:40:16 DEBUG devpinoyLogger:147 - PASS
02/15/2018 16:40:16 DEBUG devpinoyLogger:139 - exist
02/15/2018 16:40:16 DEBUG devpinoyLogger:943 - Checking existance of element
02/15/2018 16:40:16 DEBUG devpinoyLogger:147 - PASS
02/15/2018 16:40:16 DEBUG devpinoyLogger:139 - uniqueSelect
02/15/2018 16:40:16 DEBUG devpinoyLogger:1983 - Clicking one element out of list
02/15/2018 16:40:26 DEBUG devpinoyLogger:147 - PASS
02/15/2018 16:40:26 DEBUG devpinoyLogger:139 - pause
02/15/2018 16:40:31 DEBUG devpinoyLogger:147 - PASS
02/15/2018 16:40:31 DEBUG devpinoyLogger:139 - enablehidden
02/15/2018 16:40:31 DEBUG devpinoyLogger:594 - Enabling Hidden elements 
02/15/2018 16:40:31 DEBUG devpinoyLogger:147 - PASS
02/15/2018 16:40:31 DEBUG devpinoyLogger:139 - enablehidden
02/15/2018 16:40:31 DEBUG devpinoyLogger:594 - Enabling Hidden elements 
02/15/2018 16:40:40 DEBUG devpinoyLogger:147 - PASS
02/15/2018 16:40:40 DEBUG devpinoyLogger:139 - exist
02/15/2018 16:40:40 DEBUG devpinoyLogger:943 - Checking existance of element
02/15/2018 16:40:40 DEBUG devpinoyLogger:147 - PASS
02/15/2018 16:40:40 DEBUG devpinoyLogger:139 - quitBrowser
02/15/2018 16:40:40 DEBUG devpinoyLogger:1031 - Closing the browser
02/15/2018 16:40:41 DEBUG devpinoyLogger:147 - PASS
02/15/2018 16:40:42 DEBUG devpinoyLogger:88 - PDP-Write a Review -- Y
02/15/2018 16:40:42 DEBUG devpinoyLogger:92 - Executing the test case -> PDP-Write a Review
02/15/2018 16:40:42 DEBUG devpinoyLogger:98 - Iteration number 1
02/15/2018 16:40:42 DEBUG devpinoyLogger:139 - openBrowser2
02/15/2018 16:40:42 DEBUG devpinoyLogger:1940 - Opening browser
02/15/2018 16:40:45 DEBUG devpinoyLogger:147 - PASS
02/15/2018 16:40:45 DEBUG devpinoyLogger:139 - navigate
02/15/2018 16:40:45 DEBUG devpinoyLogger:581 - Navigating to URL
02/15/2018 16:40:56 DEBUG devpinoyLogger:147 - PASS
02/15/2018 16:40:56 DEBUG devpinoyLogger:139 - writeInInput
02/15/2018 16:40:56 DEBUG devpinoyLogger:872 - Writing in text box
02/15/2018 16:40:56 DEBUG devpinoyLogger:147 - PASS
02/15/2018 16:40:56 DEBUG devpinoyLogger:139 - explicitwait
02/15/2018 16:40:56 DEBUG devpinoyLogger:1047 - Waiting for the element to be visible
02/15/2018 16:40:57 DEBUG devpinoyLogger:147 - PASS
02/15/2018 16:40:57 DEBUG devpinoyLogger:139 - ArrowKeyDown
02/15/2018 16:40:57 DEBUG devpinoyLogger:2139 - Clicking Arrow Down key
02/15/2018 16:40:57 DEBUG devpinoyLogger:147 - PASS
02/15/2018 16:40:57 DEBUG devpinoyLogger:139 - pause
02/15/2018 16:40:59 DEBUG devpinoyLogger:147 - PASS
02/15/2018 16:40:59 DEBUG devpinoyLogger:139 - enter
02/15/2018 16:40:59 DEBUG devpinoyLogger:1100 - Going back one page
02/15/2018 16:40:59 DEBUG devpinoyLogger:147 - PASS
02/15/2018 16:40:59 DEBUG devpinoyLogger:139 - explicitwait
02/15/2018 16:40:59 DEBUG devpinoyLogger:1047 - Waiting for the element to be visible
02/15/2018 16:41:15 DEBUG devpinoyLogger:147 - PASS
02/15/2018 16:41:15 DEBUG devpinoyLogger:139 - enablehidden
02/15/2018 16:41:15 DEBUG devpinoyLogger:594 - Enabling Hidden elements 
02/15/2018 16:41:15 DEBUG devpinoyLogger:147 - PASS
02/15/2018 16:41:15 DEBUG devpinoyLogger:139 - explicitwait
02/15/2018 16:41:15 DEBUG devpinoyLogger:1047 - Waiting for the element to be visible
02/15/2018 16:41:17 DEBUG devpinoyLogger:147 - PASS
02/15/2018 16:41:17 DEBUG devpinoyLogger:139 - enablehidden
02/15/2018 16:41:17 DEBUG devpinoyLogger:594 - Enabling Hidden elements 
02/15/2018 16:41:17 DEBUG devpinoyLogger:147 - PASS
02/15/2018 16:41:17 DEBUG devpinoyLogger:139 - enablehidden
02/15/2018 16:41:17 DEBUG devpinoyLogger:594 - Enabling Hidden elements 
02/15/2018 16:41:17 DEBUG devpinoyLogger:147 - PASS
02/15/2018 16:41:17 DEBUG devpinoyLogger:139 - writeInInput
02/15/2018 16:41:17 DEBUG devpinoyLogger:872 - Writing in text box
02/15/2018 16:41:18 DEBUG devpinoyLogger:147 - PASS
02/15/2018 16:41:18 DEBUG devpinoyLogger:139 - writeInInput
02/15/2018 16:41:18 DEBUG devpinoyLogger:872 - Writing in text box
02/15/2018 16:41:22 DEBUG devpinoyLogger:147 - PASS
02/15/2018 16:41:22 DEBUG devpinoyLogger:139 - RandomString
02/15/2018 16:41:22 DEBUG devpinoyLogger:2052 - Entering Random String
02/15/2018 16:41:22 DEBUG devpinoyLogger:147 - PASS
02/15/2018 16:41:22 DEBUG devpinoyLogger:139 - RegisterEmail
02/15/2018 16:41:22 DEBUG devpinoyLogger:2034 - Entering randomly generated Email
02/15/2018 16:41:23 DEBUG devpinoyLogger:147 - PASS
02/15/2018 16:41:23 DEBUG devpinoyLogger:139 - enablehidden
02/15/2018 16:41:23 DEBUG devpinoyLogger:594 - Enabling Hidden elements 
02/15/2018 16:41:23 DEBUG devpinoyLogger:147 - PASS
02/15/2018 16:41:23 DEBUG devpinoyLogger:139 - enablehidden
02/15/2018 16:41:23 DEBUG devpinoyLogger:594 - Enabling Hidden elements 
02/15/2018 16:41:24 DEBUG devpinoyLogger:147 - PASS
02/15/2018 16:41:24 DEBUG devpinoyLogger:139 - exist
02/15/2018 16:41:24 DEBUG devpinoyLogger:943 - Checking existance of element
02/15/2018 16:41:24 DEBUG devpinoyLogger:147 - PASS
02/15/2018 16:41:24 DEBUG devpinoyLogger:139 - quitBrowser
02/15/2018 16:41:24 DEBUG devpinoyLogger:1031 - Closing the browser
02/15/2018 16:41:26 DEBUG devpinoyLogger:147 - PASS
02/15/2018 16:41:27 DEBUG devpinoyLogger:88 - Verification of Available details of a product -- Y
02/15/2018 16:41:27 DEBUG devpinoyLogger:92 - Executing the test case -> Verification of Available details of a product
02/15/2018 16:41:27 DEBUG devpinoyLogger:139 - openBrowser2
02/15/2018 16:41:27 DEBUG devpinoyLogger:1940 - Opening browser
02/15/2018 16:41:30 DEBUG devpinoyLogger:147 - PASS
02/15/2018 16:41:30 DEBUG devpinoyLogger:139 - navigate
02/15/2018 16:41:30 DEBUG devpinoyLogger:581 - Navigating to URL
02/15/2018 16:41:42 DEBUG devpinoyLogger:147 - PASS
02/15/2018 16:41:42 DEBUG devpinoyLogger:139 - mouseHover
02/15/2018 16:41:42 DEBUG devpinoyLogger:1504 - Mouse Hovering to the element
02/15/2018 16:41:49 DEBUG devpinoyLogger:147 - PASS
02/15/2018 16:41:49 DEBUG devpinoyLogger:139 - enablehidden
02/15/2018 16:41:49 DEBUG devpinoyLogger:594 - Enabling Hidden elements 
02/15/2018 16:42:10 DEBUG devpinoyLogger:147 - PASS
02/15/2018 16:42:10 DEBUG devpinoyLogger:139 - exist
02/15/2018 16:42:10 DEBUG devpinoyLogger:943 - Checking existance of element
02/15/2018 16:42:10 DEBUG devpinoyLogger:147 - PASS
02/15/2018 16:42:10 DEBUG devpinoyLogger:139 - explicitwait
02/15/2018 16:42:10 DEBUG devpinoyLogger:1047 - Waiting for the element to be visible
02/15/2018 16:42:10 DEBUG devpinoyLogger:147 - PASS
02/15/2018 16:42:10 DEBUG devpinoyLogger:139 - mouseHover
02/15/2018 16:42:10 DEBUG devpinoyLogger:1504 - Mouse Hovering to the element
02/15/2018 16:42:17 DEBUG devpinoyLogger:147 - PASS
02/15/2018 16:42:17 DEBUG devpinoyLogger:139 - exist
02/15/2018 16:42:17 DEBUG devpinoyLogger:943 - Checking existance of element
02/15/2018 16:42:17 DEBUG devpinoyLogger:147 - PASS
02/15/2018 16:42:17 DEBUG devpinoyLogger:139 - quitBrowser
02/15/2018 16:42:17 DEBUG devpinoyLogger:1031 - Closing the browser
02/15/2018 16:42:18 DEBUG devpinoyLogger:147 - PASS
02/15/2018 16:42:19 DEBUG devpinoyLogger:88 - Verification of Service parts page -- Y
02/15/2018 16:42:19 DEBUG devpinoyLogger:92 - Executing the test case -> Verification of Service parts page
02/15/2018 16:42:19 DEBUG devpinoyLogger:139 - openBrowser2
02/15/2018 16:42:19 DEBUG devpinoyLogger:1940 - Opening browser
02/15/2018 16:42:22 DEBUG devpinoyLogger:147 - PASS
02/15/2018 16:42:22 DEBUG devpinoyLogger:139 - navigate
02/15/2018 16:42:22 DEBUG devpinoyLogger:581 - Navigating to URL
02/15/2018 16:42:33 DEBUG devpinoyLogger:147 - PASS
02/15/2018 16:42:33 DEBUG devpinoyLogger:139 - mouseHover
02/15/2018 16:42:33 DEBUG devpinoyLogger:1504 - Mouse Hovering to the element
02/15/2018 16:42:41 DEBUG devpinoyLogger:147 - PASS
02/15/2018 16:42:41 DEBUG devpinoyLogger:139 - exist
02/15/2018 16:42:41 DEBUG devpinoyLogger:943 - Checking existance of element
02/15/2018 16:42:41 DEBUG devpinoyLogger:147 - PASS
02/15/2018 16:42:41 DEBUG devpinoyLogger:139 - quitBrowser
02/15/2018 16:42:41 DEBUG devpinoyLogger:1031 - Closing the browser
02/15/2018 16:42:42 DEBUG devpinoyLogger:147 - PASS
02/15/2018 16:42:42 DEBUG devpinoyLogger:88 - Shop Online Where to Buy(WTB) -- Y
02/15/2018 16:42:42 DEBUG devpinoyLogger:92 - Executing the test case -> Shop Online Where to Buy(WTB)
02/15/2018 16:42:42 DEBUG devpinoyLogger:139 - openBrowser2
02/15/2018 16:42:42 DEBUG devpinoyLogger:1940 - Opening browser
02/15/2018 16:42:45 DEBUG devpinoyLogger:147 - PASS
02/15/2018 16:42:45 DEBUG devpinoyLogger:139 - navigate
02/15/2018 16:42:45 DEBUG devpinoyLogger:581 - Navigating to URL
02/15/2018 16:42:56 DEBUG devpinoyLogger:147 - PASS
02/15/2018 16:42:56 DEBUG devpinoyLogger:139 - mouseHover
02/15/2018 16:42:56 DEBUG devpinoyLogger:1504 - Mouse Hovering to the element
02/15/2018 16:43:03 DEBUG devpinoyLogger:147 - PASS
02/15/2018 16:43:03 DEBUG devpinoyLogger:139 - enablehidden
02/15/2018 16:43:03 DEBUG devpinoyLogger:594 - Enabling Hidden elements 
02/15/2018 16:43:25 DEBUG devpinoyLogger:147 - PASS
02/15/2018 16:43:25 DEBUG devpinoyLogger:139 - exist
02/15/2018 16:43:25 DEBUG devpinoyLogger:943 - Checking existance of element
02/15/2018 16:43:25 DEBUG devpinoyLogger:147 - PASS
02/15/2018 16:43:25 DEBUG devpinoyLogger:139 - pause
02/15/2018 16:43:30 DEBUG devpinoyLogger:147 - PASS
02/15/2018 16:43:30 DEBUG devpinoyLogger:139 - uniqueSelect
02/15/2018 16:43:30 DEBUG devpinoyLogger:1983 - Clicking one element out of list
02/15/2018 16:43:41 DEBUG devpinoyLogger:147 - PASS
02/15/2018 16:43:41 DEBUG devpinoyLogger:139 - explicitwait
02/15/2018 16:43:41 DEBUG devpinoyLogger:1047 - Waiting for the element to be visible
02/15/2018 16:43:41 DEBUG devpinoyLogger:147 - PASS
02/15/2018 16:43:41 DEBUG devpinoyLogger:139 - enablehidden
02/15/2018 16:43:41 DEBUG devpinoyLogger:594 - Enabling Hidden elements 
02/15/2018 16:43:41 DEBUG devpinoyLogger:147 - PASS
02/15/2018 16:43:41 DEBUG devpinoyLogger:139 - explicitwait
02/15/2018 16:43:41 DEBUG devpinoyLogger:1047 - Waiting for the element to be visible
02/15/2018 16:43:42 DEBUG devpinoyLogger:147 - PASS
02/15/2018 16:43:42 DEBUG devpinoyLogger:139 - enablehidden
02/15/2018 16:43:42 DEBUG devpinoyLogger:594 - Enabling Hidden elements 
02/15/2018 16:43:49 DEBUG devpinoyLogger:147 - PASS
02/15/2018 16:43:49 DEBUG devpinoyLogger:139 - explicitwait
02/15/2018 16:43:49 DEBUG devpinoyLogger:1047 - Waiting for the element to be visible
02/15/2018 16:43:50 DEBUG devpinoyLogger:147 - PASS
02/15/2018 16:43:50 DEBUG devpinoyLogger:139 - exist
02/15/2018 16:43:50 DEBUG devpinoyLogger:943 - Checking existance of element
02/15/2018 16:43:50 DEBUG devpinoyLogger:147 - PASS
02/15/2018 16:43:50 DEBUG devpinoyLogger:139 - quitBrowser
02/15/2018 16:43:50 DEBUG devpinoyLogger:1031 - Closing the browser
02/15/2018 16:43:51 DEBUG devpinoyLogger:147 - PASS
